OtherAndroidDemo/AIDLDemo/rsserver/build/intermediates/manifest_merge_blame_file/debug/manifest-merger-blame-debug-report.txt
1<?xml version="1.0" encoding="utf-8"?>
2<manifest xmlns:android="http://schemas.android.com/apk/res/android"
3    package="com.example.rsserver"
4    android:versionCode="1"
5    android:versionName="1.0" >
6
7    <uses-sdk
8        android:minSdkVersion="21"
8-->src/main/AndroidManifest.xml
9        android:targetSdkVersion="32" />
9-->src/main/AndroidManifest.xml
10
11    <queries>
11-->src/main/AndroidManifest.xml:6:5-8:15
12        <package android:name="com.example.rsclient" />
12-->src/main/AndroidManifest.xml:7:9-56
12-->src/main/AndroidManifest.xml:7:18-53
13    </queries>
14
15    <uses-permission android:name="android.permission.ACCESS_NETWORK_STATE" />
15-->src/main/AndroidManifest.xml:10:5-79
15-->src/main/AndroidManifest.xml:10:22-76
16    <uses-permission android:name="android.permission.ACCESS_WIFI_STATE" />
16-->src/main/AndroidManifest.xml:11:5-76
16-->src/main/AndroidManifest.xml:11:22-73
17
18    <application
18-->src/main/AndroidManifest.xml:13:5-46:19
19        android:allowBackup="true"
19-->src/main/AndroidManifest.xml:14:9-35
20        android:appComponentFactory="androidx.core.app.CoreComponentFactory"
20-->[androidx.core:core:1.5.0] AndroidManifest.xml:24:18-86
21        android:debuggable="true"
22        android:icon="@mipmap/ic_launcher"
22-->src/main/AndroidManifest.xml:15:9-43
23        android:label="@string/app_name"
23-->src/main/AndroidManifest.xml:16:9-41
24        android:roundIcon="@mipmap/ic_launcher_round"
24-->src/main/AndroidManifest.xml:17:9-54
25        android:supportsRtl="true"
25-->src/main/AndroidManifest.xml:18:9-35
26        android:testOnly="true"
27        android:theme="@style/Theme.AIDLDemo" >
27-->src/main/AndroidManifest.xml:19:9-46
28        <activity
28-->src/main/AndroidManifest.xml:20:9-23:40
29            android:name="com.example.rsserver.OtherActivity"
29-->src/main/AndroidManifest.xml:21:13-42
30            android:exported="false"
30-->src/main/AndroidManifest.xml:23:13-37
31            android:process=":f" />
31-->src/main/AndroidManifest.xml:22:13-33
32        <activity
32-->src/main/AndroidManifest.xml:24:9-34:20
33            android:name="com.example.rsserver.MainActivity"
33-->src/main/AndroidManifest.xml:25:13-41
34            android:enabled="true"
34-->src/main/AndroidManifest.xml:26:13-35
35            android:exported="true"
35-->src/main/AndroidManifest.xml:27:13-36
36            android:label="@string/app_name" >
36-->src/main/AndroidManifest.xml:28:13-45
37            <intent-filter>
37-->src/main/AndroidManifest.xml:29:13-33:29
38                <action android:name="android.intent.action.MAIN" />
38-->src/main/AndroidManifest.xml:30:17-69
38-->src/main/AndroidManifest.xml:30:25-66
39
40                <category android:name="android.intent.category.LAUNCHER" />
40-->src/main/AndroidManifest.xml:32:17-77
40-->src/main/AndroidManifest.xml:32:27-74
41            </intent-filter>
42        </activity>
43
44        <service
44-->src/main/AndroidManifest.xml:36:9-45:19
45            android:name="com.example.rsserver.MyRemoteService"
45-->src/main/AndroidManifest.xml:37:13-44
46            android:exported="true"
46-->src/main/AndroidManifest.xml:38:13-36
47            android:process=":remote" >
47-->src/main/AndroidManifest.xml:39:13-38
48            <intent-filter>
48-->src/main/AndroidManifest.xml:40:13-44:29
49                <action android:name="com.cyx.server.service.bind" />
49-->src/main/AndroidManifest.xml:41:17-70
49-->src/main/AndroidManifest.xml:41:25-67
50
51                <category android:name="android.intent.category.DEFAULT" />
51-->src/main/AndroidManifest.xml:43:17-76
51-->src/main/AndroidManifest.xml:43:27-73
52            </intent-filter>
53        </service>
54    </application>
55
56</manifest>